  Main.cpp
C:\Users\tsfeir\Documents\GitHub\projet-sfml\projet-sfml\Projet-SFML\Main.cpp(147,101): warning C4244: 'argument' : conversion de 'T' en 'T', perte possible de données
          with
          [
              T=int
          ]
          and
          [
              T=float
          ]
C:\Users\tsfeir\Documents\GitHub\projet-sfml\projet-sfml\Projet-SFML\Main.cpp(147,84): warning C4244: 'argument' : conversion de 'T' en 'T', perte possible de données
          with
          [
              T=int
          ]
          and
          [
              T=float
          ]
C:\Users\tsfeir\Documents\GitHub\projet-sfml\projet-sfml\Projet-SFML\Main.cpp(161,91): warning C4244: 'argument' : conversion de 'T' en 'T', perte possible de données
          with
          [
              T=int
          ]
          and
          [
              T=float
          ]
C:\Users\tsfeir\Documents\GitHub\projet-sfml\projet-sfml\Projet-SFML\Main.cpp(161,74): warning C4244: 'argument' : conversion de 'T' en 'T', perte possible de données
          with
          [
              T=int
          ]
          and
          [
              T=float
          ]
  Génération de code en cours
  Previous IPDB not found, fall back to full compilation.
  All 92 functions were compiled because no usable IPDB/IOBJ from previous compilation was found.
  Fin de la génération du code
  Projet-SFML.vcxproj -> C:\Users\tsfeir\Documents\GitHub\projet-sfml\projet-sfml\x64\Release\Projet-SFML.exe
